<?xml version="1.0" encoding="UTF-8"?>
<robot generator="Robot 7.2.2 (Python 3.13.3 on darwin)" generated="2025-07-16T13:15:47.519699" rpa="false" schemaversion="5">
<suite id="s1" name="WebAutomation" source="/Users/izarhairulanam/Documents/Izar/WebAutomation">
<suite id="s1-s1" name="Test Cases" source="/Users/izarhairulanam/Documents/Izar/WebAutomation/Test Cases">
<suite id="s1-s1-s1" name="InventoryPage" source="/Users/izarhairulanam/Documents/Izar/WebAutomation/Test Cases/InventoryPage">
<suite id="s1-s1-s1-s1" name="TestCases InventoryPage" source="/Users/izarhairulanam/Documents/Izar/WebAutomation/Test Cases/InventoryPage/TestCases_InventoryPage.robot">
<test id="s1-s1-s1-s1-t1" name="Filter Inventory" line="13">
<kw name="Open Browser Source Demo" owner="OpenBrowser">
<kw name="Setup Chrome Options" owner="Function">
<kw name="Evaluate" owner="BuiltIn">
<msg time="2025-07-16T13:15:47.615725" level="INFO">${options} = &lt;selenium.webdriver.chrome.options.Options object at 0x1077a1a90&gt;</msg>
<var>${options}</var>
<arg>sys.modules['selenium.webdriver'].ChromeOptions()</arg>
<arg>sys, selenium.webdriver</arg>
<doc>Evaluates the given expression in Python and returns the result.</doc>
<status status="PASS" start="2025-07-16T13:15:47.615508" elapsed="0.000372"/>
</kw>
<kw name="Evaluate" owner="BuiltIn">
<msg time="2025-07-16T13:15:47.616162" level="INFO">${prefs} = {'credentials_enable_service': False, 'profile.password_manager_enabled': False, 'profile.password_manager_leak_detection': False}</msg>
<var>${prefs}</var>
<arg>{"credentials_enable_service": False, "profile.password_manager_enabled": False, "profile.password_manager_leak_detection": False}</arg>
<arg>sys, selenium.webdriver</arg>
<doc>Evaluates the given expression in Python and returns the result.</doc>
<status status="PASS" start="2025-07-16T13:15:47.615989" elapsed="0.000222"/>
</kw>
<kw name="Call Method" owner="BuiltIn">
<arg>${options}</arg>
<arg>add_experimental_option</arg>
<arg>prefs</arg>
<arg>${prefs}</arg>
<doc>Calls the named method of the given object with the provided arguments.</doc>
<status status="PASS" start="2025-07-16T13:15:47.616297" elapsed="0.000177"/>
</kw>
<kw name="Evaluate" owner="BuiltIn">
<msg time="2025-07-16T13:15:47.616670" level="INFO">${exclude_switches} = ['enable-automation']</msg>
<var>${exclude_switches}</var>
<arg>["enable-automation"]</arg>
<doc>Evaluates the given expression in Python and returns the result.</doc>
<status status="PASS" start="2025-07-16T13:15:47.616553" elapsed="0.000171"/>
</kw>
<kw name="Call Method" owner="BuiltIn">
<arg>${options}</arg>
<arg>add_experimental_option</arg>
<arg>excludeSwitches</arg>
<arg>${exclude_switches}</arg>
<doc>Calls the named method of the given object with the provided arguments.</doc>
<status status="PASS" start="2025-07-16T13:15:47.616797" elapsed="0.000158"/>
</kw>
<kw name="Call Method" owner="BuiltIn">
<arg>${options}</arg>
<arg>add_experimental_option</arg>
<arg>useAutomationExtension</arg>
<arg>${False}</arg>
<doc>Calls the named method of the given object with the provided arguments.</doc>
<status status="PASS" start="2025-07-16T13:15:47.617048" elapsed="0.000170"/>
</kw>
<kw name="Call Method" owner="BuiltIn">
<arg>${options}</arg>
<arg>add_argument</arg>
<arg>--disable-infobars</arg>
<doc>Calls the named method of the given object with the provided arguments.</doc>
<status status="PASS" start="2025-07-16T13:15:47.617315" elapsed="0.000123"/>
</kw>
<kw name="Call Method" owner="BuiltIn">
<arg>${options}</arg>
<arg>add_argument</arg>
<arg>--disable-notifications</arg>
<doc>Calls the named method of the given object with the provided arguments.</doc>
<status status="PASS" start="2025-07-16T13:15:47.617513" elapsed="0.000105"/>
</kw>
<kw name="Call Method" owner="BuiltIn">
<arg>${options}</arg>
<arg>add_argument</arg>
<arg>--start-maximized</arg>
<doc>Calls the named method of the given object with the provided arguments.</doc>
<status status="PASS" start="2025-07-16T13:15:47.617683" elapsed="0.000084"/>
</kw>
<return>
<value>${options}</value>
<status status="PASS" start="2025-07-16T13:15:47.617813" elapsed="0.000051"/>
</return>
<msg time="2025-07-16T13:15:47.617943" level="INFO">${options} = &lt;selenium.webdriver.chrome.options.Options object at 0x1077a1a90&gt;</msg>
<var>${options}</var>
<status status="PASS" start="2025-07-16T13:15:47.615079" elapsed="0.002908"/>
</kw>
<kw name="Create Webdriver" owner="SeleniumLibrary">
<msg time="2025-07-16T13:15:47.618215" level="INFO">Creating an instance of the Chrome WebDriver.</msg>
<arg>Chrome</arg>
<arg>options=${options}</arg>
<doc>Creates an instance of Selenium WebDriver.</doc>
<status status="PASS" start="2025-07-16T13:15:47.618067" elapsed="1.567401"/>
</kw>
<kw name="Go To" owner="SeleniumLibrary">
<msg time="2025-07-16T13:15:49.191464" level="INFO">Opening url 'https://www.saucedemo.com/'</msg>
<arg>${URL}</arg>
<doc>Navigates the current browser window to the provided ``url``.</doc>
<status status="PASS" start="2025-07-16T13:15:49.186201" elapsed="0.418586"/>
</kw>
<kw name="Wait Until Element Is Visible" owner="SeleniumLibrary">
<arg>${titleLoginPage}</arg>
<arg>10s</arg>
<doc>Waits until the element ``locator`` is visible.</doc>
<status status="PASS" start="2025-07-16T13:15:49.605072" elapsed="0.015193"/>
</kw>
<status status="PASS" start="2025-07-16T13:15:47.614781" elapsed="2.005623"/>
</kw>
<kw name="Login" owner="loginPage">
<kw name="Input Text" owner="SeleniumLibrary">
<msg time="2025-07-16T13:15:49.621057" level="INFO">Typing text 'standard_user' into text field 'id=user-name'.</msg>
<arg>${fieldUsername}</arg>
<arg>${username}</arg>
<doc>Types the given ``text`` into the text field identified by ``locator``.</doc>
<status status="PASS" start="2025-07-16T13:15:49.620886" elapsed="0.123230"/>
</kw>
<kw name="Sleep" owner="BuiltIn">
<msg time="2025-07-16T13:15:50.745907" level="INFO">Slept 1 second.</msg>
<arg>1s</arg>
<doc>Pauses the test executed for the given time.</doc>
<status status="PASS" start="2025-07-16T13:15:49.744380" elapsed="1.002470"/>
</kw>
<kw name="Input Password" owner="SeleniumLibrary">
<msg time="2025-07-16T13:15:50.748467" level="INFO">Typing password into text field 'id=password'.</msg>
<msg time="2025-07-16T13:15:50.784418" level="INFO">Temporally setting log level to: NONE</msg>
<arg>${fieldPassword}</arg>
<arg>${password}</arg>
<doc>Types the given password into the text field identified by ``locator``.</doc>
<status status="PASS" start="2025-07-16T13:15:50.747552" elapsed="0.069025"/>
</kw>
<kw name="Sleep" owner="BuiltIn">
<msg time="2025-07-16T13:15:51.817702" level="INFO">Slept 1 second.</msg>
<arg>1s</arg>
<doc>Pauses the test executed for the given time.</doc>
<status status="PASS" start="2025-07-16T13:15:50.816760" elapsed="1.001648"/>
</kw>
<kw name="Click Element" owner="SeleniumLibrary">
<msg time="2025-07-16T13:15:51.819618" level="INFO">Clicking element 'id=login-button'.</msg>
<arg>${btnLogin}</arg>
<doc>Click the element identified by ``locator``.</doc>
<status status="PASS" start="2025-07-16T13:15:51.818947" elapsed="0.085848"/>
</kw>
<kw name="Sleep" owner="BuiltIn">
<msg time="2025-07-16T13:15:56.908310" level="INFO">Slept 5 seconds.</msg>
<arg>5s</arg>
<doc>Pauses the test executed for the given time.</doc>
<status status="PASS" start="2025-07-16T13:15:51.905415" elapsed="5.003891"/>
</kw>
<arg>${username}</arg>
<arg>${password}</arg>
<status status="PASS" start="2025-07-16T13:15:49.620607" elapsed="7.289372"/>
</kw>
<kw name="Filter" owner="KeywordsInventoryPage">
<kw name="Wait Until Element Is Visible" owner="SeleniumLibrary">
<arg>${elementVerifyInvetoryPage}</arg>
<arg>5s</arg>
<doc>Waits until the element ``locator`` is visible.</doc>
<status status="PASS" start="2025-07-16T13:15:56.912888" elapsed="0.024970"/>
</kw>
<kw name="Click Element" owner="SeleniumLibrary">
<msg time="2025-07-16T13:15:56.938550" level="INFO">Clicking element 'css=select.product_sort_container'.</msg>
<arg>${Filter}</arg>
<doc>Click the element identified by ``locator``.</doc>
<status status="PASS" start="2025-07-16T13:15:56.938174" elapsed="0.069461"/>
</kw>
<status status="PASS" start="2025-07-16T13:15:56.911557" elapsed="0.096192"/>
</kw>
<status status="PASS" start="2025-07-16T13:15:47.614230" elapsed="9.393812"/>
</test>
<status status="PASS" start="2025-07-16T13:15:47.531946" elapsed="9.476838"/>
</suite>
<status status="PASS" start="2025-07-16T13:15:47.531254" elapsed="9.478280"/>
</suite>
<status status="PASS" start="2025-07-16T13:15:47.530453" elapsed="9.479652"/>
</suite>
<status status="PASS" start="2025-07-16T13:15:47.521827" elapsed="9.488738"/>
</suite>
<statistics>
<total>
<stat pass="1" fail="0" skip="0">All Tests</stat>
</total>
<tag>
</tag>
<suite>
<stat name="WebAutomation" id="s1" pass="1" fail="0" skip="0">WebAutomation</stat>
<stat name="Test Cases" id="s1-s1" pass="1" fail="0" skip="0">WebAutomation.Test Cases</stat>
<stat name="InventoryPage" id="s1-s1-s1" pass="1" fail="0" skip="0">WebAutomation.Test Cases.InventoryPage</stat>
<stat name="TestCases InventoryPage" id="s1-s1-s1-s1" pass="1" fail="0" skip="0">WebAutomation.Test Cases.InventoryPage.TestCases InventoryPage</stat>
</suite>
</statistics>
<errors>
</errors>
</robot>
